== Changelog ==

= 1.0.1 =

Logotipos de alianza desde response. Resultados como renglones o tarjetas.

= 1.0.3 =

Probada en las últimas versiones de wordpress y woocommerce.

Versión de Lanzamiento v1.0.1 01/04/2020

= 1.0.4 =

Contenido del paquete estatico, editable desde la pantalla de configuracion

= 1.0.5 =

Implementacion de API HTTP de wordpress
Correccion de rutas
Mejoras en rendimiento

= 1.0.6 =

correccion de bug en tarifas de aseguranza
configuracion opcional de tiempos de entrega

= 1.0.7 =

correccion de bug en parametro Din

= 1.0.8 =

Mejora en Checkout para MX

= 1.0.9 =

Correccion de bug en valor asegurado
validaciones adicionales en checkout para CL y MX

= 1.0.10 =

Visualizacion de guia local
Adecuacion personalizada client id : 431

= 1.1.0 =

Catalogo dinamico de comunas y regiones (CL)
Reacomodo de campos de checkout
Habilitacion/inhabilitacion de tiempos de entrega
Configuracion para Dimensiones y peso Unicos

= 1.1.1 =

Correccion en clave de comuna (CL)

= 1.1.2 =

Configuracion de etiqueta unica
Mejora en muestreo de etiqueta
Catalogo dinamico de colonias (MX)
Reacomodo de campos en Checkout (MX)

= 1.1.3 =

Bulto unico al cotizar activado con la etiqueta unica
Mejora en ordenamiento de opciones de envio
Agregar gastos de envio adicionales
Mejoras de rendimiento y procesamiento de datos

= 1.1.4 =

Optimizacion de rutas
Se incluye vista clasica en opciones de envio
Control de errores en Js personalizado para el plugin
Mejoras de rendimiento y procesamiento de datos

= 1.1.5 =

Mejora en generacion de etiqueta esta solo se generara si el pedido paso a estatus Procesando
Mejora en etiqueta unica al cotizar 1 solo producto
Se incluye el objeto interno CartCost (Revisar documentacion API)
Cambio de concepto dias Habiles por Dias 
Correcion en tipo de cotizacion para chile
Remocion de validacion de telefono para chile

= 1.1.6 =

Configuracion de envios gratuitos por costo del carrito para mexico y chile

= 1.1.7 =

El campo Addres2 deja de contener la colonia, ahora contendra el numero interior para mexico
Se crea el campo colonia, independiente para mexico
Se agrega la Columna del Servicio de paqueteria seleccionado con cada envio para chile y mexico
La validacion de numero interior ahora es de 35 caracteres para chile y mexico
Los datos indicados en numero interior viajaran como Comentarios/Observaciones en las guias de despacho

= 1.1.8 =

Correcciones y validaciones adicionales para mexico y chile

= 1.1.9 =

Inclusion de variable adicional para determinacion de seguro automatico
Correccion para mostrar precios desde el carro de compra

= 1.2.0 =

Correccion de bug en parametro shipping_colonia

= 1.2.1 =

Hook forzado de seleccion primer envio cotizado en todos los casos , para chile y mexico
Atencion a Warning por casteo de array no declarado
parche menor sobre campos personalizados